Image Exception : #Image Exception : #6363 :: No image files match: /scratch/tyoeasley/WAPIAW3/brainrep_data/ICA_data/dual_regression/example/ica300/groupICA300.dr/mask :: No image files match: /scratch/tyoeasley/WAPIAW3/brainrep_data/ICA_data/dual_regression/example/ica300/groupICA300.dr/mask

Image Exception : #Image Exception : #2222 ::  :: Failed to read volume /scratch/tyoeasley/WAPIAW3/brainrep_data/ICA_data/dual_regression/example/ica300/groupICA300.dr/mask
Error : No image files match: /scratch/tyoeasley/WAPIAW3/brainrep_data/ICA_data/dual_regression/example/ica300/groupICA300.dr/maskFailed to read volume /scratch/tyoeasley/WAPIAW3/brainrep_data/ICA_data/dual_regression/example/ica300/groupICA300.dr/mask
Error : No image files match: /scratch/tyoeasley/WAPIAW3/brainrep_data/ICA_data/dual_regression/example/ica300/groupICA300.dr/mask

Failed to read volume /scratch/tyoeasley/WAPIAW3/brainrep_data/ICA_data/dual_regression/example/ica300/groupICA300.dr/mask
Error : No image files match: /scratch/tyoeasley/WAPIAW3/brainrep_data/ICA_data/dual_regression/example/ica300/groupICA300.dr/mask
Failed to read volume /scratch/tyoeasley/WAPIAW3/brainrep_data/ICA_data/dual_regression/example/ica300/groupICA300.dr/mask
Error : No image files match: /scratch/tyoeasley/WAPIAW3/brainrep_data/ICA_data/dual_regression/example/ica300/groupICA300.dr/mask
Image Exception : #63 :: No image files match: /scratch/tyoeasley/WAPIAW3/brainrep_data/ICA_data/dual_regression/example/ica300/groupICA300.dr/mask
Image Exception : #22 :: Failed to read volume /scratch/tyoeasley/WAPIAW3/brainrep_data/ICA_data/dual_regression/example/ica300/groupICA300.dr/mask
Error : No image files match: /scratch/tyoeasley/WAPIAW3/brainrep_data/ICA_data/dual_regression/example/ica300/groupICA300.dr/mask
Failed to read volume /scratch/tyoeasley/WAPIAW3/brainrep_data/ICA_data/dual_regression/example/ica300/groupICA300.dr/mask
Error : No image files match: /scratch/tyoeasley/WAPIAW3/brainrep_data/ICA_data/dual_regression/example/ica300/groupICA300.dr/mask
Image Exception : #63 :: No image files match: /scratch/tyoeasley/WAPIAW3/brainrep_data/ICA_data/dual_regression/example/ica300/groupICA300.dr/mask
Image Exception : #22 :: Failed to read volume /scratch/tyoeasley/WAPIAW3/brainrep_data/ICA_data/dual_regression/example/ica300/groupICA300.dr/mask
Error : No image files match: /scratch/tyoeasley/WAPIAW3/brainrep_data/ICA_data/dual_regression/example/ica300/groupICA300.dr/mask
Failed to read volume /scratch/tyoeasley/WAPIAW3/brainrep_data/ICA_data/dual_regression/example/ica300/groupICA300.dr/mask
Error : No image files match: /scratch/tyoeasley/WAPIAW3/brainrep_data/ICA_data/dual_regression/example/ica300/groupICA300.dr/mask
Image Exception : #63 :: No image files match: /scratch/tyoeasley/WAPIAW3/brainrep_data/ICA_data/dual_regression/example/ica300/groupICA300.dr/mask
Image Exception : #22 :: Failed to read volume /scratch/tyoeasley/WAPIAW3/brainrep_data/ICA_data/dual_regression/example/ica300/groupICA300.dr/mask
Error : No image files match: /scratch/tyoeasley/WAPIAW3/brainrep_data/ICA_data/dual_regression/example/ica300/groupICA300.dr/mask
Failed to read volume /scratch/tyoeasley/WAPIAW3/brainrep_data/ICA_data/dual_regression/example/ica300/groupICA300.dr/mask
Error : No image files match: /scratch/tyoeasley/WAPIAW3/brainrep_data/ICA_data/dual_regression/example/ica300/groupICA300.dr/mask
Image Exception : #63 :: No image files match: /scratch/tyoeasley/WAPIAW3/brainrep_data/ICA_data/dual_regression/example/ica300/groupICA300.dr/mask
Image Exception : #22 :: Failed to read volume /scratch/tyoeasley/WAPIAW3/brainrep_data/ICA_data/dual_regression/example/ica300/groupICA300.dr/mask
Error : No image files match: /scratch/tyoeasley/WAPIAW3/brainrep_data/ICA_data/dual_regression/example/ica300/groupICA300.dr/mask
Failed to read volume /scratch/tyoeasley/WAPIAW3/brainrep_data/ICA_data/dual_regression/example/ica300/groupICA300.dr/mask
Error : No image files match: /scratch/tyoeasley/WAPIAW3/brainrep_data/ICA_data/dual_regression/example/ica300/groupICA300.dr/mask
Image Exception : #63Image Exception : # :: No image files match: /scratch/tyoeasley/WAPIAW3/brainrep_data/ICA_data/dual_regression/example/ica300/groupICA300.dr/mask63
 :: No image files match: /scratch/tyoeasley/WAPIAW3/brainrep_data/ICA_data/dual_regression/example/ica300/groupICA300.dr/maskImage Exception : #22
 :: Failed to read volume /scratch/tyoeasley/WAPIAW3/brainrep_data/ICA_data/dual_regression/example/ica300/groupICA300.dr/mask
Error : No image files match: /scratch/tyoeasley/WAPIAW3/brainrep_data/ICA_data/dual_regression/example/ica300/groupICA300.dr/maskImage Exception : #22
 :: Failed to read volume /scratch/tyoeasley/WAPIAW3/brainrep_data/ICA_data/dual_regression/example/ica300/groupICA300.dr/mask
Error : No image files match: /scratch/tyoeasley/WAPIAW3/brainrep_data/ICA_data/dual_regression/example/ica300/groupICA300.dr/mask
Failed to read volume /scratch/tyoeasley/WAPIAW3/brainrep_data/ICA_data/dual_regression/example/ica300/groupICA300.dr/mask
Error : No image files match: /scratch/tyoeasley/WAPIAW3/brainrep_data/ICA_data/dual_regression/example/ica300/groupICA300.dr/mask
Failed to read volume /scratch/tyoeasley/WAPIAW3/brainrep_data/ICA_data/dual_regression/example/ica300/groupICA300.dr/mask
Error : No image files match: /scratch/tyoeasley/WAPIAW3/brainrep_data/ICA_data/dual_regression/example/ica300/groupICA300.dr/mask
Image Exception : #63 :: No image files match: /scratch/tyoeasley/WAPIAW3/brainrep_data/ICA_data/dual_regression/example/ica300/groupICA300.dr/mask
Image Exception : #22 :: Failed to read volume /scratch/tyoeasley/WAPIAW3/brainrep_data/ICA_data/dual_regression/example/ica300/groupICA300.dr/mask
Error : No image files match: /scratch/tyoeasley/WAPIAW3/brainrep_data/ICA_data/dual_regression/example/ica300/groupICA300.dr/mask
Failed to read volume /scratch/tyoeasley/WAPIAW3/brainrep_data/ICA_data/dual_regression/example/ica300/groupICA300.dr/mask
Error : No image files match: /scratch/tyoeasley/WAPIAW3/brainrep_data/ICA_data/dual_regression/example/ica300/groupICA300.dr/mask
Image Exception : #63 :: No image files match: /scratch/tyoeasley/WAPIAW3/brainrep_data/ICA_data/dual_regression/example/ica300/groupICA300.dr/mask
Image Exception : #22 :: Failed to read volume /scratch/tyoeasley/WAPIAW3/brainrep_data/ICA_data/dual_regression/example/ica300/groupICA300.dr/mask
Error : No image files match: /scratch/tyoeasley/WAPIAW3/brainrep_data/ICA_data/dual_regression/example/ica300/groupICA300.dr/mask
Failed to read volume /scratch/tyoeasley/WAPIAW3/brainrep_data/ICA_data/dual_regression/example/ica300/groupICA300.dr/mask
Error : No image files match: /scratch/tyoeasley/WAPIAW3/brainrep_data/ICA_data/dual_regression/example/ica300/groupICA300.dr/mask
Image Exception : #63 :: No image files match: /scratch/tyoeasley/WAPIAW3/brainrep_data/ICA_data/dual_regression/example/ica300/groupICA300.dr/mask
Image Exception : #22 :: Failed to read volume /scratch/tyoeasley/WAPIAW3/brainrep_data/ICA_data/dual_regression/example/ica300/groupICA300.dr/mask
Error : No image files match: /scratch/tyoeasley/WAPIAW3/brainrep_data/ICA_data/dual_regression/example/ica300/groupICA300.dr/mask
Failed to read volume /scratch/tyoeasley/WAPIAW3/brainrep_data/ICA_data/dual_regression/example/ica300/groupICA300.dr/mask
Error : No image files match: /scratch/tyoeasley/WAPIAW3/brainrep_data/ICA_data/dual_regression/example/ica300/groupICA300.dr/mask
Image Exception : #Image Exception : #6363 ::  :: No image files match: /scratch/tyoeasley/WAPIAW3/brainrep_data/ICA_data/dual_regression/example/ica300/groupICA300.dr/maskNo image files match: /scratch/tyoeasley/WAPIAW3/brainrep_data/ICA_data/dual_regression/example/ica300/groupICA300.dr/mask

Image Exception : #22Image Exception : #22 :: Failed to read volume /scratch/tyoeasley/WAPIAW3/brainrep_data/ICA_data/dual_regression/example/ica300/groupICA300.dr/mask
Error : No image files match: /scratch/tyoeasley/WAPIAW3/brainrep_data/ICA_data/dual_regression/example/ica300/groupICA300.dr/mask :: Failed to read volume /scratch/tyoeasley/WAPIAW3/brainrep_data/ICA_data/dual_regression/example/ica300/groupICA300.dr/mask
Error : No image files match: /scratch/tyoeasley/WAPIAW3/brainrep_data/ICA_data/dual_regression/example/ica300/groupICA300.dr/mask

Failed to read volume /scratch/tyoeasley/WAPIAW3/brainrep_data/ICA_data/dual_regression/example/ica300/groupICA300.dr/mask
Error : No image files match: /scratch/tyoeasley/WAPIAW3/brainrep_data/ICA_data/dual_regression/example/ica300/groupICA300.dr/mask
Failed to read volume /scratch/tyoeasley/WAPIAW3/brainrep_data/ICA_data/dual_regression/example/ica300/groupICA300.dr/mask
Error : No image files match: /scratch/tyoeasley/WAPIAW3/brainrep_data/ICA_data/dual_regression/example/ica300/groupICA300.dr/mask
Image Exception : #Image Exception : #6363 ::  :: No image files match: /scratch/tyoeasley/WAPIAW3/brainrep_data/ICA_data/dual_regression/example/ica300/groupICA300.dr/dr_stage2_subject00009No image files match: /scratch/tyoeasley/WAPIAW3/brainrep_data/ICA_data/dual_regression/example/ica300/groupICA300.dr/dr_stage2_subject00009

terminate called after throwing an instance of 'terminate called after throwing an instance of 'std::runtime_errorstd::runtime_error'
'
  what():  No image files match: /scratch/tyoeasley/WAPIAW3/brainrep_data/ICA_data/dual_regression/example/ica300/groupICA300.dr/dr_stage2_subject00009  what():  No image files match: /scratch/tyoeasley/WAPIAW3/brainrep_data/ICA_data/dual_regression/example/ica300/groupICA300.dr/dr_stage2_subject00009

/var/spool/slurm/d/job875260/slurm_script: line 15: 3173680 Aborted                 (core dumped) /export/fsl/fsl-6.0.5/bin/fslsplit /scratch/tyoeasley/WAPIAW3/brainrep_data/ICA_data/dual_regression/example/ica300/groupICA300.dr/dr_stage2_subject00009 /scratch/tyoeasley/WAPIAW3/brainrep_data/ICA_data/dual_regression/example/ica300/groupICA300.dr/dr_stage2_subject00009_ic
/var/spool/slurm/d/job875261/slurm_script: line 15: 3173679 Aborted                 (core dumped) /export/fsl/fsl-6.0.5/bin/fslsplit /scratch/tyoeasley/WAPIAW3/brainrep_data/ICA_data/dual_regression/example/ica300/groupICA300.dr/dr_stage2_subject00009 /scratch/tyoeasley/WAPIAW3/brainrep_data/ICA_data/dual_regression/example/ica300/groupICA300.dr/dr_stage2_subject00009_ic
Image Exception : #63 :: No image files match: /scratch/tyoeasley/WAPIAW3/brainrep_data/ICA_data/dual_regression/example/ica300/groupICA300.dr/mask
Image Exception : #22 :: Failed to read volume /scratch/tyoeasley/WAPIAW3/brainrep_data/ICA_data/dual_regression/example/ica300/groupICA300.dr/mask
Error : No image files match: /scratch/tyoeasley/WAPIAW3/brainrep_data/ICA_data/dual_regression/example/ica300/groupICA300.dr/mask
Failed to read volume /scratch/tyoeasley/WAPIAW3/brainrep_data/ICA_data/dual_regression/example/ica300/groupICA300.dr/mask
Error : No image files match: /scratch/tyoeasley/WAPIAW3/brainrep_data/ICA_data/dual_regression/example/ica300/groupICA300.dr/mask
Image Exception : #63 :: No image files match: /scratch/tyoeasley/WAPIAW3/brainrep_data/ICA_data/dual_regression/example/ica300/groupICA300.dr/dr_stage2_subject00008
terminate called after throwing an instance of 'std::runtime_error'
  what():  No image files match: /scratch/tyoeasley/WAPIAW3/brainrep_data/ICA_data/dual_regression/example/ica300/groupICA300.dr/dr_stage2_subject00008
Image Exception : #63 :: No image files match: /scratch/tyoeasley/WAPIAW3/brainrep_data/ICA_data/dual_regression/example/ica300/groupICA300.dr/mask
Image Exception : #22 :: Failed to read volume /scratch/tyoeasley/WAPIAW3/brainrep_data/ICA_data/dual_regression/example/ica300/groupICA300.dr/mask
Error : No image files match: /scratch/tyoeasley/WAPIAW3/brainrep_data/ICA_data/dual_regression/example/ica300/groupICA300.dr/mask
Failed to read volume /scratch/tyoeasley/WAPIAW3/brainrep_data/ICA_data/dual_regression/example/ica300/groupICA300.dr/mask
Error : No image files match: /scratch/tyoeasley/WAPIAW3/brainrep_data/ICA_data/dual_regression/example/ica300/groupICA300.dr/mask
/var/spool/slurm/d/job875259/slurm_script: line 15: 3173810 Aborted                 (core dumped) /export/fsl/fsl-6.0.5/bin/fslsplit /scratch/tyoeasley/WAPIAW3/brainrep_data/ICA_data/dual_regression/example/ica300/groupICA300.dr/dr_stage2_subject00008 /scratch/tyoeasley/WAPIAW3/brainrep_data/ICA_data/dual_regression/example/ica300/groupICA300.dr/dr_stage2_subject00008_ic
Image Exception : #63 :: No image files match: /scratch/tyoeasley/WAPIAW3/brainrep_data/ICA_data/dual_regression/example/ica300/groupICA300.dr/dr_stage2_subject00006
terminate called after throwing an instance of 'std::runtime_error'
  what():  No image files match: /scratch/tyoeasley/WAPIAW3/brainrep_data/ICA_data/dual_regression/example/ica300/groupICA300.dr/dr_stage2_subject00006
/var/spool/slurm/d/job875257/slurm_script: line 15: 3173842 Aborted                 (core dumped) /export/fsl/fsl-6.0.5/bin/fslsplit /scratch/tyoeasley/WAPIAW3/brainrep_data/ICA_data/dual_regression/example/ica300/groupICA300.dr/dr_stage2_subject00006 /scratch/tyoeasley/WAPIAW3/brainrep_data/ICA_data/dual_regression/example/ica300/groupICA300.dr/dr_stage2_subject00006_ic
Image Exception : #63 :: No image files match: /scratch/tyoeasley/WAPIAW3/brainrep_data/ICA_data/dual_regression/example/ica300/groupICA300.dr/mask
Image Exception : #22 :: Failed to read volume /scratch/tyoeasley/WAPIAW3/brainrep_data/ICA_data/dual_regression/example/ica300/groupICA300.dr/mask
Error : No image files match: /scratch/tyoeasley/WAPIAW3/brainrep_data/ICA_data/dual_regression/example/ica300/groupICA300.dr/mask
Failed to read volume /scratch/tyoeasley/WAPIAW3/brainrep_data/ICA_data/dual_regression/example/ica300/groupICA300.dr/mask
Error : No image files match: /scratch/tyoeasley/WAPIAW3/brainrep_data/ICA_data/dual_regression/example/ica300/groupICA300.dr/mask
Image Exception : #63 :: No image files match: /scratch/tyoeasley/WAPIAW3/brainrep_data/ICA_data/dual_regression/example/ica300/groupICA300.dr/dr_stage2_subject00001
terminate called after throwing an instance of 'std::runtime_error'
  what():  No image files match: /scratch/tyoeasley/WAPIAW3/brainrep_data/ICA_data/dual_regression/example/ica300/groupICA300.dr/dr_stage2_subject00001
Image Exception : #63 :: No image files match: /scratch/tyoeasley/WAPIAW3/brainrep_data/ICA_data/dual_regression/example/ica300/groupICA300.dr/mask
Image Exception : #22 :: Failed to read volume /scratch/tyoeasley/WAPIAW3/brainrep_data/ICA_data/dual_regression/example/ica300/groupICA300.dr/mask
Error : No image files match: /scratch/tyoeasley/WAPIAW3/brainrep_data/ICA_data/dual_regression/example/ica300/groupICA300.dr/mask
Failed to read volume /scratch/tyoeasley/WAPIAW3/brainrep_data/ICA_data/dual_regression/example/ica300/groupICA300.dr/mask
Error : No image files match: /scratch/tyoeasley/WAPIAW3/brainrep_data/ICA_data/dual_regression/example/ica300/groupICA300.dr/mask
Image Exception : #63 :: No image files match: /scratch/tyoeasley/WAPIAW3/brainrep_data/ICA_data/dual_regression/example/ica300/groupICA300.dr/dr_stage2_subject00004
terminate called after throwing an instance of 'std::runtime_error'
  what():  No image files match: /scratch/tyoeasley/WAPIAW3/brainrep_data/ICA_data/dual_regression/example/ica300/groupICA300.dr/dr_stage2_subject00004
/var/spool/slurm/d/job875252/slurm_script: line 15: 3173949 Aborted                 (core dumped) /export/fsl/fsl-6.0.5/bin/fslsplit /scratch/tyoeasley/WAPIAW3/brainrep_data/ICA_data/dual_regression/example/ica300/groupICA300.dr/dr_stage2_subject00001 /scratch/tyoeasley/WAPIAW3/brainrep_data/ICA_data/dual_regression/example/ica300/groupICA300.dr/dr_stage2_subject00001_ic
/var/spool/slurm/d/job875255/slurm_script: line 15: 3173970 Aborted                 (core dumped) /export/fsl/fsl-6.0.5/bin/fslsplit /scratch/tyoeasley/WAPIAW3/brainrep_data/ICA_data/dual_regression/example/ica300/groupICA300.dr/dr_stage2_subject00004 /scratch/tyoeasley/WAPIAW3/brainrep_data/ICA_data/dual_regression/example/ica300/groupICA300.dr/dr_stage2_subject00004_ic
Image Exception : #Image Exception : #6363 :: No image files match: /scratch/tyoeasley/WAPIAW3/brainrep_data/ICA_data/dual_regression/example/ica300/groupICA300.dr/mask :: No image files match: /scratch/tyoeasley/WAPIAW3/brainrep_data/ICA_data/dual_regression/example/ica300/groupICA300.dr/mask

Image Exception : #22Image Exception : #22 :: Failed to read volume /scratch/tyoeasley/WAPIAW3/brainrep_data/ICA_data/dual_regression/example/ica300/groupICA300.dr/mask
Error : No image files match: /scratch/tyoeasley/WAPIAW3/brainrep_data/ICA_data/dual_regression/example/ica300/groupICA300.dr/mask :: Failed to read volume /scratch/tyoeasley/WAPIAW3/brainrep_data/ICA_data/dual_regression/example/ica300/groupICA300.dr/mask
Error : No image files match: /scratch/tyoeasley/WAPIAW3/brainrep_data/ICA_data/dual_regression/example/ica300/groupICA300.dr/mask

Failed to read volume /scratch/tyoeasley/WAPIAW3/brainrep_data/ICA_data/dual_regression/example/ica300/groupICA300.dr/mask
Error : No image files match: /scratch/tyoeasley/WAPIAW3/brainrep_data/ICA_data/dual_regression/example/ica300/groupICA300.dr/mask
Failed to read volume /scratch/tyoeasley/WAPIAW3/brainrep_data/ICA_data/dual_regression/example/ica300/groupICA300.dr/mask
Error : No image files match: /scratch/tyoeasley/WAPIAW3/brainrep_data/ICA_data/dual_regression/example/ica300/groupICA300.dr/mask
Image Exception : #Image Exception : #63 :: 63 :: No image files match: /scratch/tyoeasley/WAPIAW3/brainrep_data/ICA_data/dual_regression/example/ica300/groupICA300.dr/dr_stage2_subject00002
No image files match: /scratch/tyoeasley/WAPIAW3/brainrep_data/ICA_data/dual_regression/example/ica300/groupICA300.dr/dr_stage2_subject00005
terminate called after throwing an instance of 'std::runtime_errorterminate called after throwing an instance of 'std::runtime_error'
'
  what():  No image files match: /scratch/tyoeasley/WAPIAW3/brainrep_data/ICA_data/dual_regression/example/ica300/groupICA300.dr/dr_stage2_subject00002  what():  No image files match: /scratch/tyoeasley/WAPIAW3/brainrep_data/ICA_data/dual_regression/example/ica300/groupICA300.dr/dr_stage2_subject00005

/var/spool/slurm/d/job875256/slurm_script: line 15: 3174002 Aborted                 (core dumped) /export/fsl/fsl-6.0.5/bin/fslsplit /scratch/tyoeasley/WAPIAW3/brainrep_data/ICA_data/dual_regression/example/ica300/groupICA300.dr/dr_stage2_subject00005 /scratch/tyoeasley/WAPIAW3/brainrep_data/ICA_data/dual_regression/example/ica300/groupICA300.dr/dr_stage2_subject00005_ic
/var/spool/slurm/d/job875253/slurm_script: line 15: 3174001 Aborted                 (core dumped) /export/fsl/fsl-6.0.5/bin/fslsplit /scratch/tyoeasley/WAPIAW3/brainrep_data/ICA_data/dual_regression/example/ica300/groupICA300.dr/dr_stage2_subject00002 /scratch/tyoeasley/WAPIAW3/brainrep_data/ICA_data/dual_regression/example/ica300/groupICA300.dr/dr_stage2_subject00002_ic
Image Exception : #63 :: No image files match: /scratch/tyoeasley/WAPIAW3/brainrep_data/ICA_data/dual_regression/example/ica300/groupICA300.dr/mask
Image Exception : #22 :: Failed to read volume /scratch/tyoeasley/WAPIAW3/brainrep_data/ICA_data/dual_regression/example/ica300/groupICA300.dr/mask
Error : No image files match: /scratch/tyoeasley/WAPIAW3/brainrep_data/ICA_data/dual_regression/example/ica300/groupICA300.dr/mask
Failed to read volume /scratch/tyoeasley/WAPIAW3/brainrep_data/ICA_data/dual_regression/example/ica300/groupICA300.dr/mask
Error : No image files match: /scratch/tyoeasley/WAPIAW3/brainrep_data/ICA_data/dual_regression/example/ica300/groupICA300.dr/mask
Image Exception : #63 :: No image files match: /scratch/tyoeasley/WAPIAW3/brainrep_data/ICA_data/dual_regression/example/ica300/groupICA300.dr/dr_stage2_subject00003
terminate called after throwing an instance of 'std::runtime_error'
  what():  No image files match: /scratch/tyoeasley/WAPIAW3/brainrep_data/ICA_data/dual_regression/example/ica300/groupICA300.dr/dr_stage2_subject00003
/var/spool/slurm/d/job875254/slurm_script: line 15: 3174032 Aborted                 (core dumped) /export/fsl/fsl-6.0.5/bin/fslsplit /scratch/tyoeasley/WAPIAW3/brainrep_data/ICA_data/dual_regression/example/ica300/groupICA300.dr/dr_stage2_subject00003 /scratch/tyoeasley/WAPIAW3/brainrep_data/ICA_data/dual_regression/example/ica300/groupICA300.dr/dr_stage2_subject00003_ic
Image Exception : #63 :: No image files match: /scratch/tyoeasley/WAPIAW3/brainrep_data/ICA_data/dual_regression/example/ica300/groupICA300.dr/mask
Image Exception : #22 :: Failed to read volume /scratch/tyoeasley/WAPIAW3/brainrep_data/ICA_data/dual_regression/example/ica300/groupICA300.dr/mask
Error : No image files match: /scratch/tyoeasley/WAPIAW3/brainrep_data/ICA_data/dual_regression/example/ica300/groupICA300.dr/mask
Failed to read volume /scratch/tyoeasley/WAPIAW3/brainrep_data/ICA_data/dual_regression/example/ica300/groupICA300.dr/mask
Error : No image files match: /scratch/tyoeasley/WAPIAW3/brainrep_data/ICA_data/dual_regression/example/ica300/groupICA300.dr/mask
Image Exception : #63 :: No image files match: /scratch/tyoeasley/WAPIAW3/brainrep_data/ICA_data/dual_regression/example/ica300/groupICA300.dr/dr_stage2_subject00007
terminate called after throwing an instance of 'std::runtime_error'
  what():  No image files match: /scratch/tyoeasley/WAPIAW3/brainrep_data/ICA_data/dual_regression/example/ica300/groupICA300.dr/dr_stage2_subject00007
/var/spool/slurm/d/job875258/slurm_script: line 15: 3174158 Aborted                 (core dumped) /export/fsl/fsl-6.0.5/bin/fslsplit /scratch/tyoeasley/WAPIAW3/brainrep_data/ICA_data/dual_regression/example/ica300/groupICA300.dr/dr_stage2_subject00007 /scratch/tyoeasley/WAPIAW3/brainrep_data/ICA_data/dual_regression/example/ica300/groupICA300.dr/dr_stage2_subject00007_ic
Image Exception : #63 :: No image files match: /scratch/tyoeasley/WAPIAW3/brainrep_data/ICA_data/dual_regression/example/ica300/groupICA300.dr/mask
Image Exception : #22 :: Failed to read volume /scratch/tyoeasley/WAPIAW3/brainrep_data/ICA_data/dual_regression/example/ica300/groupICA300.dr/mask
Error : No image files match: /scratch/tyoeasley/WAPIAW3/brainrep_data/ICA_data/dual_regression/example/ica300/groupICA300.dr/mask
Failed to read volume /scratch/tyoeasley/WAPIAW3/brainrep_data/ICA_data/dual_regression/example/ica300/groupICA300.dr/mask
Error : No image files match: /scratch/tyoeasley/WAPIAW3/brainrep_data/ICA_data/dual_regression/example/ica300/groupICA300.dr/mask
Image Exception : #63 :: No image files match: /scratch/tyoeasley/WAPIAW3/brainrep_data/ICA_data/dual_regression/example/ica300/groupICA300.dr/dr_stage2_subject00000
terminate called after throwing an instance of 'std::runtime_error'
  what():  No image files match: /scratch/tyoeasley/WAPIAW3/brainrep_data/ICA_data/dual_regression/example/ica300/groupICA300.dr/dr_stage2_subject00000
/var/spool/slurm/d/job875251/slurm_script: line 15: 3174199 Aborted                 (core dumped) /export/fsl/fsl-6.0.5/bin/fslsplit /scratch/tyoeasley/WAPIAW3/brainrep_data/ICA_data/dual_regression/example/ica300/groupICA300.dr/dr_stage2_subject00000 /scratch/tyoeasley/WAPIAW3/brainrep_data/ICA_data/dual_regression/example/ica300/groupICA300.dr/dr_stage2_subject00000_ic
