Image Exception : #63 :: No image files match: /scratch/tyoeasley/WAPIAW3/brainrep_data/ICA_data/dual_regression/example/ica150/groupICA150.dr/mask
Image Exception : #22 :: Failed to read volume /scratch/tyoeasley/WAPIAW3/brainrep_data/ICA_data/dual_regression/example/ica150/groupICA150.dr/mask
Error : No image files match: /scratch/tyoeasley/WAPIAW3/brainrep_data/ICA_data/dual_regression/example/ica150/groupICA150.dr/mask
Failed to read volume /scratch/tyoeasley/WAPIAW3/brainrep_data/ICA_data/dual_regression/example/ica150/groupICA150.dr/mask
Error : No image files match: /scratch/tyoeasley/WAPIAW3/brainrep_data/ICA_data/dual_regression/example/ica150/groupICA150.dr/maskImage Exception : #
63 :: No image files match: /scratch/tyoeasley/WAPIAW3/brainrep_data/ICA_data/dual_regression/example/ica150/groupICA150.dr/mask
Image Exception : #22 :: Failed to read volume /scratch/tyoeasley/WAPIAW3/brainrep_data/ICA_data/dual_regression/example/ica150/groupICA150.dr/mask
Error : No image files match: /scratch/tyoeasley/WAPIAW3/brainrep_data/ICA_data/dual_regression/example/ica150/groupICA150.dr/mask
Failed to read volume /scratch/tyoeasley/WAPIAW3/brainrep_data/ICA_data/dual_regression/example/ica150/groupICA150.dr/mask
Error : No image files match: /scratch/tyoeasley/WAPIAW3/brainrep_data/ICA_data/dual_regression/example/ica150/groupICA150.dr/mask
Image Exception : #63 :: No image files match: /scratch/tyoeasley/WAPIAW3/brainrep_data/ICA_data/dual_regression/example/ica150/groupICA150.dr/mask
Image Exception : #22 :: Failed to read volume /scratch/tyoeasley/WAPIAW3/brainrep_data/ICA_data/dual_regression/example/ica150/groupICA150.dr/mask
Error : No image files match: /scratch/tyoeasley/WAPIAW3/brainrep_data/ICA_data/dual_regression/example/ica150/groupICA150.dr/mask
Image Exception : #63 :: Failed to read volume /scratch/tyoeasley/WAPIAW3/brainrep_data/ICA_data/dual_regression/example/ica150/groupICA150.dr/mask
Error : No image files match: /scratch/tyoeasley/WAPIAW3/brainrep_data/ICA_data/dual_regression/example/ica150/groupICA150.dr/mask
No image files match: /scratch/tyoeasley/WAPIAW3/brainrep_data/ICA_data/dual_regression/example/ica150/groupICA150.dr/mask
Image Exception : #22 :: Failed to read volume /scratch/tyoeasley/WAPIAW3/brainrep_data/ICA_data/dual_regression/example/ica150/groupICA150.dr/mask
Error : No image files match: /scratch/tyoeasley/WAPIAW3/brainrep_data/ICA_data/dual_regression/example/ica150/groupICA150.dr/mask
Failed to read volume /scratch/tyoeasley/WAPIAW3/brainrep_data/ICA_data/dual_regression/example/ica150/groupICA150.dr/mask
Error : No image files match: /scratch/tyoeasley/WAPIAW3/brainrep_data/ICA_data/dual_regression/example/ica150/groupICA150.dr/mask
Image Exception : #63 :: No image files match: /scratch/tyoeasley/WAPIAW3/brainrep_data/ICA_data/dual_regression/example/ica150/groupICA150.dr/mask
Image Exception : #22 :: Image Exception : #Failed to read volume /scratch/tyoeasley/WAPIAW3/brainrep_data/ICA_data/dual_regression/example/ica150/groupICA150.dr/mask
Error : No image files match: /scratch/tyoeasley/WAPIAW3/brainrep_data/ICA_data/dual_regression/example/ica150/groupICA150.dr/mask
63 :: No image files match: /scratch/tyoeasley/WAPIAW3/brainrep_data/ICA_data/dual_regression/example/ica150/groupICA150.dr/mask
Image Exception : #22 :: Failed to read volume /scratch/tyoeasley/WAPIAW3/brainrep_data/ICA_data/dual_regression/example/ica150/groupICA150.dr/mask
Error : No image files match: /scratch/tyoeasley/WAPIAW3/brainrep_data/ICA_data/dual_regression/example/ica150/groupICA150.dr/mask
Failed to read volume /scratch/tyoeasley/WAPIAW3/brainrep_data/ICA_data/dual_regression/example/ica150/groupICA150.dr/mask
Error : No image files match: /scratch/tyoeasley/WAPIAW3/brainrep_data/ICA_data/dual_regression/example/ica150/groupICA150.dr/mask
Failed to read volume /scratch/tyoeasley/WAPIAW3/brainrep_data/ICA_data/dual_regression/example/ica150/groupICA150.dr/mask
Error : No image files match: /scratch/tyoeasley/WAPIAW3/brainrep_data/ICA_data/dual_regression/example/ica150/groupICA150.dr/mask
Image Exception : #63 :: No image files match: /scratch/tyoeasley/WAPIAW3/brainrep_data/ICA_data/dual_regression/example/ica150/groupICA150.dr/mask
Image Exception : #22 :: Failed to read volume /scratch/tyoeasley/WAPIAW3/brainrep_data/ICA_data/dual_regression/example/ica150/groupICA150.dr/mask
Error : No image files match: /scratch/tyoeasley/WAPIAW3/brainrep_data/ICA_data/dual_regression/example/ica150/groupICA150.dr/mask
Image Exception : #63 :: No image files match: /scratch/tyoeasley/WAPIAW3/brainrep_data/ICA_data/dual_regression/example/ica150/groupICA150.dr/mask
Image Exception : #22 :: Failed to read volume /scratch/tyoeasley/WAPIAW3/brainrep_data/ICA_data/dual_regression/example/ica150/groupICA150.dr/mask
Error : No image files match: /scratch/tyoeasley/WAPIAW3/brainrep_data/ICA_data/dual_regression/example/ica150/groupICA150.dr/mask
Failed to read volume /scratch/tyoeasley/WAPIAW3/brainrep_data/ICA_data/dual_regression/example/ica150/groupICA150.dr/mask
Error : No image files match: /scratch/tyoeasley/WAPIAW3/brainrep_data/ICA_data/dual_regression/example/ica150/groupICA150.dr/mask
Failed to read volume /scratch/tyoeasley/WAPIAW3/brainrep_data/ICA_data/dual_regression/example/ica150/groupICA150.dr/mask
Error : No image files match: /scratch/tyoeasley/WAPIAW3/brainrep_data/ICA_data/dual_regression/example/ica150/groupICA150.dr/mask
Image Exception : #63 :: No image files match: /scratch/tyoeasley/WAPIAW3/brainrep_data/ICA_data/dual_regression/example/ica150/groupICA150.dr/mask
Image Exception : #22 :: Failed to read volume /scratch/tyoeasley/WAPIAW3/brainrep_data/ICA_data/dual_regression/example/ica150/groupICA150.dr/mask
Error : No image files match: /scratch/tyoeasley/WAPIAW3/brainrep_data/ICA_data/dual_regression/example/ica150/groupICA150.dr/mask
Failed to read volume /scratch/tyoeasley/WAPIAW3/brainrep_data/ICA_data/dual_regression/example/ica150/groupICA150.dr/mask
Error : No image files match: /scratch/tyoeasley/WAPIAW3/brainrep_data/ICA_data/dual_regression/example/ica150/groupICA150.dr/mask
Image Exception : #63 :: No image files match: /scratch/tyoeasley/WAPIAW3/brainrep_data/ICA_data/dual_regression/example/ica150/groupICA150.dr/mask
Image Exception : #22 :: Failed to read volume /scratch/tyoeasley/WAPIAW3/brainrep_data/ICA_data/dual_regression/example/ica150/groupICA150.dr/mask
Error : No image files match: /scratch/tyoeasley/WAPIAW3/brainrep_data/ICA_data/dual_regression/example/ica150/groupICA150.dr/mask
Failed to read volume /scratch/tyoeasley/WAPIAW3/brainrep_data/ICA_data/dual_regression/example/ica150/groupICA150.dr/mask
Error : No image files match: /scratch/tyoeasley/WAPIAW3/brainrep_data/ICA_data/dual_regression/example/ica150/groupICA150.dr/mask
Image Exception : #63 :: No image files match: /scratch/tyoeasley/WAPIAW3/brainrep_data/ICA_data/dual_regression/example/ica150/groupICA150.dr/mask
Image Exception : #22 :: Failed to read volume /scratch/tyoeasley/WAPIAW3/brainrep_data/ICA_data/dual_regression/example/ica150/groupICA150.dr/mask
Error : No image files match: /scratch/tyoeasley/WAPIAW3/brainrep_data/ICA_data/dual_regression/example/ica150/groupICA150.dr/mask
Failed to read volume /scratch/tyoeasley/WAPIAW3/brainrep_data/ICA_data/dual_regression/example/ica150/groupICA150.dr/mask
Error : No image files match: /scratch/tyoeasley/WAPIAW3/brainrep_data/ICA_data/dual_regression/example/ica150/groupICA150.dr/mask
Image Exception : #Image Exception : #6363 :: No image files match: /scratch/tyoeasley/WAPIAW3/brainrep_data/ICA_data/dual_regression/example/ica150/groupICA150.dr/mask :: No image files match: /scratch/tyoeasley/WAPIAW3/brainrep_data/ICA_data/dual_regression/example/ica150/groupICA150.dr/mask

Image Exception : #Image Exception : #2222 ::  :: Failed to read volume /scratch/tyoeasley/WAPIAW3/brainrep_data/ICA_data/dual_regression/example/ica150/groupICA150.dr/mask
Error : No image files match: /scratch/tyoeasley/WAPIAW3/brainrep_data/ICA_data/dual_regression/example/ica150/groupICA150.dr/maskFailed to read volume /scratch/tyoeasley/WAPIAW3/brainrep_data/ICA_data/dual_regression/example/ica150/groupICA150.dr/mask
Error : No image files match: /scratch/tyoeasley/WAPIAW3/brainrep_data/ICA_data/dual_regression/example/ica150/groupICA150.dr/mask

Failed to read volume /scratch/tyoeasley/WAPIAW3/brainrep_data/ICA_data/dual_regression/example/ica150/groupICA150.dr/mask
Error : No image files match: /scratch/tyoeasley/WAPIAW3/brainrep_data/ICA_data/dual_regression/example/ica150/groupICA150.dr/mask
Failed to read volume /scratch/tyoeasley/WAPIAW3/brainrep_data/ICA_data/dual_regression/example/ica150/groupICA150.dr/mask
Error : No image files match: /scratch/tyoeasley/WAPIAW3/brainrep_data/ICA_data/dual_regression/example/ica150/groupICA150.dr/mask
Image Exception : #Image Exception : #6363 ::  :: No image files match: /scratch/tyoeasley/WAPIAW3/brainrep_data/ICA_data/dual_regression/example/ica150/groupICA150.dr/dr_stage2_subject00009No image files match: /scratch/tyoeasley/WAPIAW3/brainrep_data/ICA_data/dual_regression/example/ica150/groupICA150.dr/dr_stage2_subject00009

terminate called after throwing an instance of 'std::runtime_errorterminate called after throwing an instance of 'std::runtime_error'
'
  what():  No image files match: /scratch/tyoeasley/WAPIAW3/brainrep_data/ICA_data/dual_regression/example/ica150/groupICA150.dr/dr_stage2_subject00009  what():  No image files match: /scratch/tyoeasley/WAPIAW3/brainrep_data/ICA_data/dual_regression/example/ica150/groupICA150.dr/dr_stage2_subject00009

/var/spool/slurm/d/job873809/slurm_script: line 15: 2025553 Aborted                 (core dumped) /export/fsl/fsl-6.0.5/bin/fslsplit /scratch/tyoeasley/WAPIAW3/brainrep_data/ICA_data/dual_regression/example/ica150/groupICA150.dr/dr_stage2_subject00009 /scratch/tyoeasley/WAPIAW3/brainrep_data/ICA_data/dual_regression/example/ica150/groupICA150.dr/dr_stage2_subject00009_ic
/var/spool/slurm/d/job873810/slurm_script: line 15: 2025554 Aborted                 (core dumped) /export/fsl/fsl-6.0.5/bin/fslsplit /scratch/tyoeasley/WAPIAW3/brainrep_data/ICA_data/dual_regression/example/ica150/groupICA150.dr/dr_stage2_subject00009 /scratch/tyoeasley/WAPIAW3/brainrep_data/ICA_data/dual_regression/example/ica150/groupICA150.dr/dr_stage2_subject00009_ic
Image Exception : #63 :: No image files match: /scratch/tyoeasley/WAPIAW3/brainrep_data/ICA_data/dual_regression/example/ica150/groupICA150.dr/mask
Image Exception : #22Image Exception : # :: Failed to read volume /scratch/tyoeasley/WAPIAW3/brainrep_data/ICA_data/dual_regression/example/ica150/groupICA150.dr/mask
Error : No image files match: /scratch/tyoeasley/WAPIAW3/brainrep_data/ICA_data/dual_regression/example/ica150/groupICA150.dr/mask63
 :: No image files match: /scratch/tyoeasley/WAPIAW3/brainrep_data/ICA_data/dual_regression/example/ica150/groupICA150.dr/mask
Image Exception : #22 :: Failed to read volume /scratch/tyoeasley/WAPIAW3/brainrep_data/ICA_data/dual_regression/example/ica150/groupICA150.dr/mask
Error : No image files match: /scratch/tyoeasley/WAPIAW3/brainrep_data/ICA_data/dual_regression/example/ica150/groupICA150.dr/mask
Failed to read volume /scratch/tyoeasley/WAPIAW3/brainrep_data/ICA_data/dual_regression/example/ica150/groupICA150.dr/mask
Error : No image files match: /scratch/tyoeasley/WAPIAW3/brainrep_data/ICA_data/dual_regression/example/ica150/groupICA150.dr/mask
Failed to read volume /scratch/tyoeasley/WAPIAW3/brainrep_data/ICA_data/dual_regression/example/ica150/groupICA150.dr/mask
Error : No image files match: /scratch/tyoeasley/WAPIAW3/brainrep_data/ICA_data/dual_regression/example/ica150/groupICA150.dr/mask
Image Exception : #63 :: Image Exception : #No image files match: /scratch/tyoeasley/WAPIAW3/brainrep_data/ICA_data/dual_regression/example/ica150/groupICA150.dr/dr_stage2_subject00006
63 :: terminate called after throwing an instance of 'std::runtime_errorNo image files match: /scratch/tyoeasley/WAPIAW3/brainrep_data/ICA_data/dual_regression/example/ica150/groupICA150.dr/dr_stage2_subject00008'

  what():  No image files match: /scratch/tyoeasley/WAPIAW3/brainrep_data/ICA_data/dual_regression/example/ica150/groupICA150.dr/dr_stage2_subject00006terminate called after throwing an instance of 'std::runtime_error
'
  what():  No image files match: /scratch/tyoeasley/WAPIAW3/brainrep_data/ICA_data/dual_regression/example/ica150/groupICA150.dr/dr_stage2_subject00008
/var/spool/slurm/d/job873808/slurm_script: line 15: 2025683 Aborted                 (core dumped) /export/fsl/fsl-6.0.5/bin/fslsplit /scratch/tyoeasley/WAPIAW3/brainrep_data/ICA_data/dual_regression/example/ica150/groupICA150.dr/dr_stage2_subject00008 /scratch/tyoeasley/WAPIAW3/brainrep_data/ICA_data/dual_regression/example/ica150/groupICA150.dr/dr_stage2_subject00008_ic
/var/spool/slurm/d/job873806/slurm_script: line 15: 2025682 Aborted                 (core dumped) /export/fsl/fsl-6.0.5/bin/fslsplit /scratch/tyoeasley/WAPIAW3/brainrep_data/ICA_data/dual_regression/example/ica150/groupICA150.dr/dr_stage2_subject00006 /scratch/tyoeasley/WAPIAW3/brainrep_data/ICA_data/dual_regression/example/ica150/groupICA150.dr/dr_stage2_subject00006_ic
Image Exception : #63 :: No image files match: /scratch/tyoeasley/WAPIAW3/brainrep_data/ICA_data/dual_regression/example/ica150/groupICA150.dr/mask
Image Exception : #22 :: Failed to read volume /scratch/tyoeasley/WAPIAW3/brainrep_data/ICA_data/dual_regression/example/ica150/groupICA150.dr/mask
Error : No image files match: /scratch/tyoeasley/WAPIAW3/brainrep_data/ICA_data/dual_regression/example/ica150/groupICA150.dr/mask
Failed to read volume /scratch/tyoeasley/WAPIAW3/brainrep_data/ICA_data/dual_regression/example/ica150/groupICA150.dr/mask
Error : No image files match: /scratch/tyoeasley/WAPIAW3/brainrep_data/ICA_data/dual_regression/example/ica150/groupICA150.dr/mask
Image Exception : #63Image Exception : # :: No image files match: /scratch/tyoeasley/WAPIAW3/brainrep_data/ICA_data/dual_regression/example/ica150/groupICA150.dr/mask63 :: 
No image files match: /scratch/tyoeasley/WAPIAW3/brainrep_data/ICA_data/dual_regression/example/ica150/groupICA150.dr/dr_stage2_subject00004Image Exception : #22
 :: Failed to read volume /scratch/tyoeasley/WAPIAW3/brainrep_data/ICA_data/dual_regression/example/ica150/groupICA150.dr/mask
Error : No image files match: /scratch/tyoeasley/WAPIAW3/brainrep_data/ICA_data/dual_regression/example/ica150/groupICA150.dr/maskterminate called after throwing an instance of 'std::runtime_error
'
  what():  No image files match: /scratch/tyoeasley/WAPIAW3/brainrep_data/ICA_data/dual_regression/example/ica150/groupICA150.dr/dr_stage2_subject00004
Failed to read volume /scratch/tyoeasley/WAPIAW3/brainrep_data/ICA_data/dual_regression/example/ica150/groupICA150.dr/mask
Error : No image files match: /scratch/tyoeasley/WAPIAW3/brainrep_data/ICA_data/dual_regression/example/ica150/groupICA150.dr/mask
Image Exception : #63 :: No image files match: /scratch/tyoeasley/WAPIAW3/brainrep_data/ICA_data/dual_regression/example/ica150/groupICA150.dr/dr_stage2_subject00001
terminate called after throwing an instance of 'std::runtime_error'
  what():  No image files match: /scratch/tyoeasley/WAPIAW3/brainrep_data/ICA_data/dual_regression/example/ica150/groupICA150.dr/dr_stage2_subject00001
/var/spool/slurm/d/job873804/slurm_script: line 15: 2025760 Aborted                 (core dumped) /export/fsl/fsl-6.0.5/bin/fslsplit /scratch/tyoeasley/WAPIAW3/brainrep_data/ICA_data/dual_regression/example/ica150/groupICA150.dr/dr_stage2_subject00004 /scratch/tyoeasley/WAPIAW3/brainrep_data/ICA_data/dual_regression/example/ica150/groupICA150.dr/dr_stage2_subject00004_ic
/var/spool/slurm/d/job873801/slurm_script: line 15: 2025766 Aborted                 (core dumped) /export/fsl/fsl-6.0.5/bin/fslsplit /scratch/tyoeasley/WAPIAW3/brainrep_data/ICA_data/dual_regression/example/ica150/groupICA150.dr/dr_stage2_subject00001 /scratch/tyoeasley/WAPIAW3/brainrep_data/ICA_data/dual_regression/example/ica150/groupICA150.dr/dr_stage2_subject00001_ic
Image Exception : #63 :: No image files match: /scratch/tyoeasley/WAPIAW3/brainrep_data/ICA_data/dual_regression/example/ica150/groupICA150.dr/mask
Image Exception : #22 :: Failed to read volume /scratch/tyoeasley/WAPIAW3/brainrep_data/ICA_data/dual_regression/example/ica150/groupICA150.dr/mask
Error : No image files match: /scratch/tyoeasley/WAPIAW3/brainrep_data/ICA_data/dual_regression/example/ica150/groupICA150.dr/mask
Image Exception : #63 :: No image files match: /scratch/tyoeasley/WAPIAW3/brainrep_data/ICA_data/dual_regression/example/ica150/groupICA150.dr/mask
Image Exception : #22Failed to read volume /scratch/tyoeasley/WAPIAW3/brainrep_data/ICA_data/dual_regression/example/ica150/groupICA150.dr/mask
Error : No image files match: /scratch/tyoeasley/WAPIAW3/brainrep_data/ICA_data/dual_regression/example/ica150/groupICA150.dr/mask
 :: Failed to read volume /scratch/tyoeasley/WAPIAW3/brainrep_data/ICA_data/dual_regression/example/ica150/groupICA150.dr/mask
Error : No image files match: /scratch/tyoeasley/WAPIAW3/brainrep_data/ICA_data/dual_regression/example/ica150/groupICA150.dr/mask
Image Exception : #Failed to read volume /scratch/tyoeasley/WAPIAW3/brainrep_data/ICA_data/dual_regression/example/ica150/groupICA150.dr/mask
Error : No image files match: /scratch/tyoeasley/WAPIAW3/brainrep_data/ICA_data/dual_regression/example/ica150/groupICA150.dr/mask63 :: 
No image files match: /scratch/tyoeasley/WAPIAW3/brainrep_data/ICA_data/dual_regression/example/ica150/groupICA150.dr/dr_stage2_subject00002
terminate called after throwing an instance of 'std::runtime_error'
  what():  No image files match: /scratch/tyoeasley/WAPIAW3/brainrep_data/ICA_data/dual_regression/example/ica150/groupICA150.dr/dr_stage2_subject00002
Image Exception : #63 :: No image files match: /scratch/tyoeasley/WAPIAW3/brainrep_data/ICA_data/dual_regression/example/ica150/groupICA150.dr/dr_stage2_subject00005
terminate called after throwing an instance of 'std::runtime_error'
  what():  No image files match: /scratch/tyoeasley/WAPIAW3/brainrep_data/ICA_data/dual_regression/example/ica150/groupICA150.dr/dr_stage2_subject00005
/var/spool/slurm/d/job873802/slurm_script: line 15: 2025820 Aborted                 (core dumped) /export/fsl/fsl-6.0.5/bin/fslsplit /scratch/tyoeasley/WAPIAW3/brainrep_data/ICA_data/dual_regression/example/ica150/groupICA150.dr/dr_stage2_subject00002 /scratch/tyoeasley/WAPIAW3/brainrep_data/ICA_data/dual_regression/example/ica150/groupICA150.dr/dr_stage2_subject00002_ic
Image Exception : #63 :: No image files match: /scratch/tyoeasley/WAPIAW3/brainrep_data/ICA_data/dual_regression/example/ica150/groupICA150.dr/mask
Image Exception : #22 :: Failed to read volume /scratch/tyoeasley/WAPIAW3/brainrep_data/ICA_data/dual_regression/example/ica150/groupICA150.dr/mask
Error : No image files match: /scratch/tyoeasley/WAPIAW3/brainrep_data/ICA_data/dual_regression/example/ica150/groupICA150.dr/mask
Failed to read volume /scratch/tyoeasley/WAPIAW3/brainrep_data/ICA_data/dual_regression/example/ica150/groupICA150.dr/mask
Error : No image files match: /scratch/tyoeasley/WAPIAW3/brainrep_data/ICA_data/dual_regression/example/ica150/groupICA150.dr/mask
/var/spool/slurm/d/job873805/slurm_script: line 15: 2025821 Aborted                 (core dumped) /export/fsl/fsl-6.0.5/bin/fslsplit /scratch/tyoeasley/WAPIAW3/brainrep_data/ICA_data/dual_regression/example/ica150/groupICA150.dr/dr_stage2_subject00005 /scratch/tyoeasley/WAPIAW3/brainrep_data/ICA_data/dual_regression/example/ica150/groupICA150.dr/dr_stage2_subject00005_ic
Image Exception : #63 :: No image files match: /scratch/tyoeasley/WAPIAW3/brainrep_data/ICA_data/dual_regression/example/ica150/groupICA150.dr/dr_stage2_subject00003
terminate called after throwing an instance of 'std::runtime_error'
  what():  No image files match: /scratch/tyoeasley/WAPIAW3/brainrep_data/ICA_data/dual_regression/example/ica150/groupICA150.dr/dr_stage2_subject00003
/var/spool/slurm/d/job873803/slurm_script: line 15: 2025869 Aborted                 (core dumped) /export/fsl/fsl-6.0.5/bin/fslsplit /scratch/tyoeasley/WAPIAW3/brainrep_data/ICA_data/dual_regression/example/ica150/groupICA150.dr/dr_stage2_subject00003 /scratch/tyoeasley/WAPIAW3/brainrep_data/ICA_data/dual_regression/example/ica150/groupICA150.dr/dr_stage2_subject00003_ic
Image Exception : #63 :: No image files match: /scratch/tyoeasley/WAPIAW3/brainrep_data/ICA_data/dual_regression/example/ica150/groupICA150.dr/mask
Image Exception : #22 :: Failed to read volume /scratch/tyoeasley/WAPIAW3/brainrep_data/ICA_data/dual_regression/example/ica150/groupICA150.dr/mask
Error : No image files match: /scratch/tyoeasley/WAPIAW3/brainrep_data/ICA_data/dual_regression/example/ica150/groupICA150.dr/mask
Failed to read volume /scratch/tyoeasley/WAPIAW3/brainrep_data/ICA_data/dual_regression/example/ica150/groupICA150.dr/mask
Error : No image files match: /scratch/tyoeasley/WAPIAW3/brainrep_data/ICA_data/dual_regression/example/ica150/groupICA150.dr/mask
Image Exception : #63 :: No image files match: /scratch/tyoeasley/WAPIAW3/brainrep_data/ICA_data/dual_regression/example/ica150/groupICA150.dr/dr_stage2_subject00007
terminate called after throwing an instance of 'std::runtime_error'
  what():  No image files match: /scratch/tyoeasley/WAPIAW3/brainrep_data/ICA_data/dual_regression/example/ica150/groupICA150.dr/dr_stage2_subject00007
/var/spool/slurm/d/job873807/slurm_script: line 15: 2025981 Aborted                 (core dumped) /export/fsl/fsl-6.0.5/bin/fslsplit /scratch/tyoeasley/WAPIAW3/brainrep_data/ICA_data/dual_regression/example/ica150/groupICA150.dr/dr_stage2_subject00007 /scratch/tyoeasley/WAPIAW3/brainrep_data/ICA_data/dual_regression/example/ica150/groupICA150.dr/dr_stage2_subject00007_ic
Image Exception : #63 :: No image files match: /scratch/tyoeasley/WAPIAW3/brainrep_data/ICA_data/dual_regression/example/ica150/groupICA150.dr/mask
Image Exception : #22 :: Failed to read volume /scratch/tyoeasley/WAPIAW3/brainrep_data/ICA_data/dual_regression/example/ica150/groupICA150.dr/mask
Error : No image files match: /scratch/tyoeasley/WAPIAW3/brainrep_data/ICA_data/dual_regression/example/ica150/groupICA150.dr/mask
Failed to read volume /scratch/tyoeasley/WAPIAW3/brainrep_data/ICA_data/dual_regression/example/ica150/groupICA150.dr/mask
Error : No image files match: /scratch/tyoeasley/WAPIAW3/brainrep_data/ICA_data/dual_regression/example/ica150/groupICA150.dr/mask
Image Exception : #63 :: No image files match: /scratch/tyoeasley/WAPIAW3/brainrep_data/ICA_data/dual_regression/example/ica150/groupICA150.dr/dr_stage2_subject00000
terminate called after throwing an instance of 'std::runtime_error'
  what():  No image files match: /scratch/tyoeasley/WAPIAW3/brainrep_data/ICA_data/dual_regression/example/ica150/groupICA150.dr/dr_stage2_subject00000
/var/spool/slurm/d/job873800/slurm_script: line 15: 2026041 Aborted                 (core dumped) /export/fsl/fsl-6.0.5/bin/fslsplit /scratch/tyoeasley/WAPIAW3/brainrep_data/ICA_data/dual_regression/example/ica150/groupICA150.dr/dr_stage2_subject00000 /scratch/tyoeasley/WAPIAW3/brainrep_data/ICA_data/dual_regression/example/ica150/groupICA150.dr/dr_stage2_subject00000_ic
