Image Exception : #Image Exception : #6363 ::  :: No image files match: /scratch/tyoeasley/WAPIAW3/brainrep_data/ICA_data/dual_regression/example/ica100/groupICA100.dr/maskNo image files match: /scratch/tyoeasley/WAPIAW3/brainrep_data/ICA_data/dual_regression/example/ica100/groupICA100.dr/mask

Image Exception : #22Image Exception : #22 :: Failed to read volume /scratch/tyoeasley/WAPIAW3/brainrep_data/ICA_data/dual_regression/example/ica100/groupICA100.dr/mask
Error : No image files match: /scratch/tyoeasley/WAPIAW3/brainrep_data/ICA_data/dual_regression/example/ica100/groupICA100.dr/mask :: Failed to read volume /scratch/tyoeasley/WAPIAW3/brainrep_data/ICA_data/dual_regression/example/ica100/groupICA100.dr/mask
Error : No image files match: /scratch/tyoeasley/WAPIAW3/brainrep_data/ICA_data/dual_regression/example/ica100/groupICA100.dr/mask

Failed to read volume /scratch/tyoeasley/WAPIAW3/brainrep_data/ICA_data/dual_regression/example/ica100/groupICA100.dr/mask
Error : No image files match: /scratch/tyoeasley/WAPIAW3/brainrep_data/ICA_data/dual_regression/example/ica100/groupICA100.dr/mask
Failed to read volume /scratch/tyoeasley/WAPIAW3/brainrep_data/ICA_data/dual_regression/example/ica100/groupICA100.dr/mask
Error : No image files match: /scratch/tyoeasley/WAPIAW3/brainrep_data/ICA_data/dual_regression/example/ica100/groupICA100.dr/mask
Image Exception : #63 :: No image files match: /scratch/tyoeasley/WAPIAW3/brainrep_data/ICA_data/dual_regression/example/ica100/groupICA100.dr/mask
Image Exception : #22 :: Failed to read volume /scratch/tyoeasley/WAPIAW3/brainrep_data/ICA_data/dual_regression/example/ica100/groupICA100.dr/mask
Error : No image files match: /scratch/tyoeasley/WAPIAW3/brainrep_data/ICA_data/dual_regression/example/ica100/groupICA100.dr/mask
Image Exception : #63Failed to read volume /scratch/tyoeasley/WAPIAW3/brainrep_data/ICA_data/dual_regression/example/ica100/groupICA100.dr/mask
Error : No image files match: /scratch/tyoeasley/WAPIAW3/brainrep_data/ICA_data/dual_regression/example/ica100/groupICA100.dr/mask :: No image files match: /scratch/tyoeasley/WAPIAW3/brainrep_data/ICA_data/dual_regression/example/ica100/groupICA100.dr/mask

Image Exception : #22 :: Failed to read volume /scratch/tyoeasley/WAPIAW3/brainrep_data/ICA_data/dual_regression/example/ica100/groupICA100.dr/mask
Error : No image files match: /scratch/tyoeasley/WAPIAW3/brainrep_data/ICA_data/dual_regression/example/ica100/groupICA100.dr/mask
Failed to read volume /scratch/tyoeasley/WAPIAW3/brainrep_data/ICA_data/dual_regression/example/ica100/groupICA100.dr/mask
Error : No image files match: /scratch/tyoeasley/WAPIAW3/brainrep_data/ICA_data/dual_regression/example/ica100/groupICA100.dr/mask
Image Exception : #63 :: No image files match: /scratch/tyoeasley/WAPIAW3/brainrep_data/ICA_data/dual_regression/example/ica100/groupICA100.dr/mask
Image Exception : #22 :: Failed to read volume /scratch/tyoeasley/WAPIAW3/brainrep_data/ICA_data/dual_regression/example/ica100/groupICA100.dr/mask
Error : No image files match: /scratch/tyoeasley/WAPIAW3/brainrep_data/ICA_data/dual_regression/example/ica100/groupICA100.dr/mask
Failed to read volume /scratch/tyoeasley/WAPIAW3/brainrep_data/ICA_data/dual_regression/example/ica100/groupICA100.dr/mask
Error : No image files match: /scratch/tyoeasley/WAPIAW3/brainrep_data/ICA_data/dual_regression/example/ica100/groupICA100.dr/mask
Image Exception : #63 :: No image files match: /scratch/tyoeasley/WAPIAW3/brainrep_data/ICA_data/dual_regression/example/ica100/groupICA100.dr/mask
Image Exception : #22 :: Failed to read volume /scratch/tyoeasley/WAPIAW3/brainrep_data/ICA_data/dual_regression/example/ica100/groupICA100.dr/mask
Error : No image files match: /scratch/tyoeasley/WAPIAW3/brainrep_data/ICA_data/dual_regression/example/ica100/groupICA100.dr/mask
Failed to read volume /scratch/tyoeasley/WAPIAW3/brainrep_data/ICA_data/dual_regression/example/ica100/groupICA100.dr/mask
Error : No image files match: /scratch/tyoeasley/WAPIAW3/brainrep_data/ICA_data/dual_regression/example/ica100/groupICA100.dr/mask
Image Exception : #63 :: No image files match: /scratch/tyoeasley/WAPIAW3/brainrep_data/ICA_data/dual_regression/example/ica100/groupICA100.dr/mask
Image Exception : #22 :: Failed to read volume /scratch/tyoeasley/WAPIAW3/brainrep_data/ICA_data/dual_regression/example/ica100/groupICA100.dr/mask
Error : No image files match: /scratch/tyoeasley/WAPIAW3/brainrep_data/ICA_data/dual_regression/example/ica100/groupICA100.dr/mask
Failed to read volume /scratch/tyoeasley/WAPIAW3/brainrep_data/ICA_data/dual_regression/example/ica100/groupICA100.dr/mask
Error : No image files match: /scratch/tyoeasley/WAPIAW3/brainrep_data/ICA_data/dual_regression/example/ica100/groupICA100.dr/mask
Image Exception : #63 :: No image files match: /scratch/tyoeasley/WAPIAW3/brainrep_data/ICA_data/dual_regression/example/ica100/groupICA100.dr/mask
Image Exception : #22 :: Failed to read volume /scratch/tyoeasley/WAPIAW3/brainrep_data/ICA_data/dual_regression/example/ica100/groupICA100.dr/mask
Error : No image files match: /scratch/tyoeasley/WAPIAW3/brainrep_data/ICA_data/dual_regression/example/ica100/groupICA100.dr/mask
Failed to read volume /scratch/tyoeasley/WAPIAW3/brainrep_data/ICA_data/dual_regression/example/ica100/groupICA100.dr/mask
Error : No image files match: /scratch/tyoeasley/WAPIAW3/brainrep_data/ICA_data/dual_regression/example/ica100/groupICA100.dr/mask
Image Exception : #63 :: No image files match: /scratch/tyoeasley/WAPIAW3/brainrep_data/ICA_data/dual_regression/example/ica100/groupICA100.dr/mask
Image Exception : #22 :: Failed to read volume /scratch/tyoeasley/WAPIAW3/brainrep_data/ICA_data/dual_regression/example/ica100/groupICA100.dr/mask
Error : No image files match: /scratch/tyoeasley/WAPIAW3/brainrep_data/ICA_data/dual_regression/example/ica100/groupICA100.dr/mask
Failed to read volume /scratch/tyoeasley/WAPIAW3/brainrep_data/ICA_data/dual_regression/example/ica100/groupICA100.dr/mask
Error : No image files match: /scratch/tyoeasley/WAPIAW3/brainrep_data/ICA_data/dual_regression/example/ica100/groupICA100.dr/mask
Image Exception : #63 :: No image files match: /scratch/tyoeasley/WAPIAW3/brainrep_data/ICA_data/dual_regression/example/ica100/groupICA100.dr/mask
Image Exception : #22 :: Failed to read volume /scratch/tyoeasley/WAPIAW3/brainrep_data/ICA_data/dual_regression/example/ica100/groupICA100.dr/mask
Error : No image files match: /scratch/tyoeasley/WAPIAW3/brainrep_data/ICA_data/dual_regression/example/ica100/groupICA100.dr/mask
Failed to read volume /scratch/tyoeasley/WAPIAW3/brainrep_data/ICA_data/dual_regression/example/ica100/groupICA100.dr/mask
Error : No image files match: /scratch/tyoeasley/WAPIAW3/brainrep_data/ICA_data/dual_regression/example/ica100/groupICA100.dr/mask
Image Exception : #63 :: No image files match: /scratch/tyoeasley/WAPIAW3/brainrep_data/ICA_data/dual_regression/example/ica100/groupICA100.dr/mask
Image Exception : #22 :: Failed to read volume /scratch/tyoeasley/WAPIAW3/brainrep_data/ICA_data/dual_regression/example/ica100/groupICA100.dr/mask
Error : No image files match: /scratch/tyoeasley/WAPIAW3/brainrep_data/ICA_data/dual_regression/example/ica100/groupICA100.dr/mask
Failed to read volume /scratch/tyoeasley/WAPIAW3/brainrep_data/ICA_data/dual_regression/example/ica100/groupICA100.dr/mask
Error : No image files match: /scratch/tyoeasley/WAPIAW3/brainrep_data/ICA_data/dual_regression/example/ica100/groupICA100.dr/mask
Image Exception : #Image Exception : #6363 :: No image files match: /scratch/tyoeasley/WAPIAW3/brainrep_data/ICA_data/dual_regression/example/ica100/groupICA100.dr/mask :: No image files match: /scratch/tyoeasley/WAPIAW3/brainrep_data/ICA_data/dual_regression/example/ica100/groupICA100.dr/mask

Image Exception : #22Image Exception : #22 :: Failed to read volume /scratch/tyoeasley/WAPIAW3/brainrep_data/ICA_data/dual_regression/example/ica100/groupICA100.dr/mask
Error : No image files match: /scratch/tyoeasley/WAPIAW3/brainrep_data/ICA_data/dual_regression/example/ica100/groupICA100.dr/mask :: Failed to read volume /scratch/tyoeasley/WAPIAW3/brainrep_data/ICA_data/dual_regression/example/ica100/groupICA100.dr/mask
Error : No image files match: /scratch/tyoeasley/WAPIAW3/brainrep_data/ICA_data/dual_regression/example/ica100/groupICA100.dr/mask

Failed to read volume /scratch/tyoeasley/WAPIAW3/brainrep_data/ICA_data/dual_regression/example/ica100/groupICA100.dr/mask
Error : No image files match: /scratch/tyoeasley/WAPIAW3/brainrep_data/ICA_data/dual_regression/example/ica100/groupICA100.dr/maskFailed to read volume /scratch/tyoeasley/WAPIAW3/brainrep_data/ICA_data/dual_regression/example/ica100/groupICA100.dr/mask
Error : No image files match: /scratch/tyoeasley/WAPIAW3/brainrep_data/ICA_data/dual_regression/example/ica100/groupICA100.dr/mask

Image Exception : #Image Exception : #6363 ::  :: No image files match: /scratch/tyoeasley/WAPIAW3/brainrep_data/ICA_data/dual_regression/example/ica100/groupICA100.dr/dr_stage2_subject00009No image files match: /scratch/tyoeasley/WAPIAW3/brainrep_data/ICA_data/dual_regression/example/ica100/groupICA100.dr/dr_stage2_subject00009

terminate called after throwing an instance of 'terminate called after throwing an instance of 'std::runtime_errorstd::runtime_error'
'
  what():  No image files match: /scratch/tyoeasley/WAPIAW3/brainrep_data/ICA_data/dual_regression/example/ica100/groupICA100.dr/dr_stage2_subject00009  what():  
No image files match: /scratch/tyoeasley/WAPIAW3/brainrep_data/ICA_data/dual_regression/example/ica100/groupICA100.dr/dr_stage2_subject00009
/var/spool/slurm/d/job873688/slurm_script: line 15: 1662792 Aborted                 (core dumped) /export/fsl/fsl-6.0.5/bin/fslsplit /scratch/tyoeasley/WAPIAW3/brainrep_data/ICA_data/dual_regression/example/ica100/groupICA100.dr/dr_stage2_subject00009 /scratch/tyoeasley/WAPIAW3/brainrep_data/ICA_data/dual_regression/example/ica100/groupICA100.dr/dr_stage2_subject00009_ic
/var/spool/slurm/d/job873687/slurm_script: line 15: 1662793 Aborted                 (core dumped) /export/fsl/fsl-6.0.5/bin/fslsplit /scratch/tyoeasley/WAPIAW3/brainrep_data/ICA_data/dual_regression/example/ica100/groupICA100.dr/dr_stage2_subject00009 /scratch/tyoeasley/WAPIAW3/brainrep_data/ICA_data/dual_regression/example/ica100/groupICA100.dr/dr_stage2_subject00009_ic
Image Exception : #63 :: No image files match: /scratch/tyoeasley/WAPIAW3/brainrep_data/ICA_data/dual_regression/example/ica100/groupICA100.dr/mask
Image Exception : #22 :: Failed to read volume /scratch/tyoeasley/WAPIAW3/brainrep_data/ICA_data/dual_regression/example/ica100/groupICA100.dr/mask
Error : No image files match: /scratch/tyoeasley/WAPIAW3/brainrep_data/ICA_data/dual_regression/example/ica100/groupICA100.dr/mask
Failed to read volume /scratch/tyoeasley/WAPIAW3/brainrep_data/ICA_data/dual_regression/example/ica100/groupICA100.dr/mask
Error : No image files match: /scratch/tyoeasley/WAPIAW3/brainrep_data/ICA_data/dual_regression/example/ica100/groupICA100.dr/mask
Image Exception : #63Image Exception : # :: No image files match: /scratch/tyoeasley/WAPIAW3/brainrep_data/ICA_data/dual_regression/example/ica100/groupICA100.dr/mask63
 :: No image files match: /scratch/tyoeasley/WAPIAW3/brainrep_data/ICA_data/dual_regression/example/ica100/groupICA100.dr/dr_stage2_subject00008Image Exception : #
22 :: terminate called after throwing an instance of 'std::runtime_errorFailed to read volume /scratch/tyoeasley/WAPIAW3/brainrep_data/ICA_data/dual_regression/example/ica100/groupICA100.dr/mask
Error : No image files match: /scratch/tyoeasley/WAPIAW3/brainrep_data/ICA_data/dual_regression/example/ica100/groupICA100.dr/mask
'
  what():  No image files match: /scratch/tyoeasley/WAPIAW3/brainrep_data/ICA_data/dual_regression/example/ica100/groupICA100.dr/dr_stage2_subject00008
Failed to read volume /scratch/tyoeasley/WAPIAW3/brainrep_data/ICA_data/dual_regression/example/ica100/groupICA100.dr/mask
Error : No image files match: /scratch/tyoeasley/WAPIAW3/brainrep_data/ICA_data/dual_regression/example/ica100/groupICA100.dr/mask
Image Exception : #63 :: No image files match: /scratch/tyoeasley/WAPIAW3/brainrep_data/ICA_data/dual_regression/example/ica100/groupICA100.dr/dr_stage2_subject00006
terminate called after throwing an instance of 'std::runtime_error'
  what():  No image files match: /scratch/tyoeasley/WAPIAW3/brainrep_data/ICA_data/dual_regression/example/ica100/groupICA100.dr/dr_stage2_subject00006
/var/spool/slurm/d/job873686/slurm_script: line 15: 1662935 Aborted                 (core dumped) /export/fsl/fsl-6.0.5/bin/fslsplit /scratch/tyoeasley/WAPIAW3/brainrep_data/ICA_data/dual_regression/example/ica100/groupICA100.dr/dr_stage2_subject00008 /scratch/tyoeasley/WAPIAW3/brainrep_data/ICA_data/dual_regression/example/ica100/groupICA100.dr/dr_stage2_subject00008_ic
/var/spool/slurm/d/job873684/slurm_script: line 15: 1662949 Aborted                 (core dumped) /export/fsl/fsl-6.0.5/bin/fslsplit /scratch/tyoeasley/WAPIAW3/brainrep_data/ICA_data/dual_regression/example/ica100/groupICA100.dr/dr_stage2_subject00006 /scratch/tyoeasley/WAPIAW3/brainrep_data/ICA_data/dual_regression/example/ica100/groupICA100.dr/dr_stage2_subject00006_ic
Image Exception : #63 :: No image files match: /scratch/tyoeasley/WAPIAW3/brainrep_data/ICA_data/dual_regression/example/ica100/groupICA100.dr/mask
Image Exception : #22 :: Failed to read volume /scratch/tyoeasley/WAPIAW3/brainrep_data/ICA_data/dual_regression/example/ica100/groupICA100.dr/mask
Error : No image files match: /scratch/tyoeasley/WAPIAW3/brainrep_data/ICA_data/dual_regression/example/ica100/groupICA100.dr/mask
Image Exception : #63 :: No image files match: /scratch/tyoeasley/WAPIAW3/brainrep_data/ICA_data/dual_regression/example/ica100/groupICA100.dr/mask
Image Exception : #22 :: Failed to read volume /scratch/tyoeasley/WAPIAW3/brainrep_data/ICA_data/dual_regression/example/ica100/groupICA100.dr/mask
Error : No image files match: /scratch/tyoeasley/WAPIAW3/brainrep_data/ICA_data/dual_regression/example/ica100/groupICA100.dr/mask
Failed to read volume /scratch/tyoeasley/WAPIAW3/brainrep_data/ICA_data/dual_regression/example/ica100/groupICA100.dr/mask
Error : No image files match: /scratch/tyoeasley/WAPIAW3/brainrep_data/ICA_data/dual_regression/example/ica100/groupICA100.dr/mask
Failed to read volume /scratch/tyoeasley/WAPIAW3/brainrep_data/ICA_data/dual_regression/example/ica100/groupICA100.dr/mask
Error : No image files match: /scratch/tyoeasley/WAPIAW3/brainrep_data/ICA_data/dual_regression/example/ica100/groupICA100.dr/mask
Image Exception : #63 :: No image files match: /scratch/tyoeasley/WAPIAW3/brainrep_data/ICA_data/dual_regression/example/ica100/groupICA100.dr/dr_stage2_subject00004
terminate called after throwing an instance of 'std::runtime_error'
  what():  No image files match: /scratch/tyoeasley/WAPIAW3/brainrep_data/ICA_data/dual_regression/example/ica100/groupICA100.dr/dr_stage2_subject00004
Image Exception : #63 :: No image files match: /scratch/tyoeasley/WAPIAW3/brainrep_data/ICA_data/dual_regression/example/ica100/groupICA100.dr/dr_stage2_subject00001
terminate called after throwing an instance of 'std::runtime_error'
  what():  No image files match: /scratch/tyoeasley/WAPIAW3/brainrep_data/ICA_data/dual_regression/example/ica100/groupICA100.dr/dr_stage2_subject00001
/var/spool/slurm/d/job873682/slurm_script: line 15: 1663008 Aborted                 (core dumped) /export/fsl/fsl-6.0.5/bin/fslsplit /scratch/tyoeasley/WAPIAW3/brainrep_data/ICA_data/dual_regression/example/ica100/groupICA100.dr/dr_stage2_subject00004 /scratch/tyoeasley/WAPIAW3/brainrep_data/ICA_data/dual_regression/example/ica100/groupICA100.dr/dr_stage2_subject00004_ic
/var/spool/slurm/d/job873679/slurm_script: line 15: 1663010 Aborted                 (core dumped) /export/fsl/fsl-6.0.5/bin/fslsplit /scratch/tyoeasley/WAPIAW3/brainrep_data/ICA_data/dual_regression/example/ica100/groupICA100.dr/dr_stage2_subject00001 /scratch/tyoeasley/WAPIAW3/brainrep_data/ICA_data/dual_regression/example/ica100/groupICA100.dr/dr_stage2_subject00001_ic
Image Exception : #63 :: No image files match: /scratch/tyoeasley/WAPIAW3/brainrep_data/ICA_data/dual_regression/example/ica100/groupICA100.dr/mask
Image Exception : #22 :: Failed to read volume /scratch/tyoeasley/WAPIAW3/brainrep_data/ICA_data/dual_regression/example/ica100/groupICA100.dr/mask
Error : No image files match: /scratch/tyoeasley/WAPIAW3/brainrep_data/ICA_data/dual_regression/example/ica100/groupICA100.dr/mask
Failed to read volume /scratch/tyoeasley/WAPIAW3/brainrep_data/ICA_data/dual_regression/example/ica100/groupICA100.dr/mask
Error : No image files match: /scratch/tyoeasley/WAPIAW3/brainrep_data/ICA_data/dual_regression/example/ica100/groupICA100.dr/mask
Image Exception : #63 :: No image files match: /scratch/tyoeasley/WAPIAW3/brainrep_data/ICA_data/dual_regression/example/ica100/groupICA100.dr/dr_stage2_subject00002Image Exception : #
63terminate called after throwing an instance of 'std::runtime_error :: No image files match: /scratch/tyoeasley/WAPIAW3/brainrep_data/ICA_data/dual_regression/example/ica100/groupICA100.dr/mask'

  what():  No image files match: /scratch/tyoeasley/WAPIAW3/brainrep_data/ICA_data/dual_regression/example/ica100/groupICA100.dr/dr_stage2_subject00002Image Exception : #22
 :: Failed to read volume /scratch/tyoeasley/WAPIAW3/brainrep_data/ICA_data/dual_regression/example/ica100/groupICA100.dr/mask
Error : No image files match: /scratch/tyoeasley/WAPIAW3/brainrep_data/ICA_data/dual_regression/example/ica100/groupICA100.dr/mask
Failed to read volume /scratch/tyoeasley/WAPIAW3/brainrep_data/ICA_data/dual_regression/example/ica100/groupICA100.dr/mask
Error : No image files match: /scratch/tyoeasley/WAPIAW3/brainrep_data/ICA_data/dual_regression/example/ica100/groupICA100.dr/mask
Image Exception : #63 :: No image files match: /scratch/tyoeasley/WAPIAW3/brainrep_data/ICA_data/dual_regression/example/ica100/groupICA100.dr/dr_stage2_subject00005
terminate called after throwing an instance of 'std::runtime_error'
  what():  No image files match: /scratch/tyoeasley/WAPIAW3/brainrep_data/ICA_data/dual_regression/example/ica100/groupICA100.dr/dr_stage2_subject00005
/var/spool/slurm/d/job873680/slurm_script: line 15: 1663061 Aborted                 (core dumped) /export/fsl/fsl-6.0.5/bin/fslsplit /scratch/tyoeasley/WAPIAW3/brainrep_data/ICA_data/dual_regression/example/ica100/groupICA100.dr/dr_stage2_subject00002 /scratch/tyoeasley/WAPIAW3/brainrep_data/ICA_data/dual_regression/example/ica100/groupICA100.dr/dr_stage2_subject00002_ic
/var/spool/slurm/d/job873683/slurm_script: line 15: 1663084 Aborted                 (core dumped) /export/fsl/fsl-6.0.5/bin/fslsplit /scratch/tyoeasley/WAPIAW3/brainrep_data/ICA_data/dual_regression/example/ica100/groupICA100.dr/dr_stage2_subject00005 /scratch/tyoeasley/WAPIAW3/brainrep_data/ICA_data/dual_regression/example/ica100/groupICA100.dr/dr_stage2_subject00005_ic
Image Exception : #63 :: No image files match: /scratch/tyoeasley/WAPIAW3/brainrep_data/ICA_data/dual_regression/example/ica100/groupICA100.dr/mask
Image Exception : #22 :: Failed to read volume /scratch/tyoeasley/WAPIAW3/brainrep_data/ICA_data/dual_regression/example/ica100/groupICA100.dr/mask
Error : No image files match: /scratch/tyoeasley/WAPIAW3/brainrep_data/ICA_data/dual_regression/example/ica100/groupICA100.dr/mask
Failed to read volume /scratch/tyoeasley/WAPIAW3/brainrep_data/ICA_data/dual_regression/example/ica100/groupICA100.dr/mask
Error : No image files match: /scratch/tyoeasley/WAPIAW3/brainrep_data/ICA_data/dual_regression/example/ica100/groupICA100.dr/mask
Image Exception : #63 :: No image files match: /scratch/tyoeasley/WAPIAW3/brainrep_data/ICA_data/dual_regression/example/ica100/groupICA100.dr/dr_stage2_subject00003
terminate called after throwing an instance of 'std::runtime_error'
  what():  No image files match: /scratch/tyoeasley/WAPIAW3/brainrep_data/ICA_data/dual_regression/example/ica100/groupICA100.dr/dr_stage2_subject00003
/var/spool/slurm/d/job873681/slurm_script: line 15: 1663129 Aborted                 (core dumped) /export/fsl/fsl-6.0.5/bin/fslsplit /scratch/tyoeasley/WAPIAW3/brainrep_data/ICA_data/dual_regression/example/ica100/groupICA100.dr/dr_stage2_subject00003 /scratch/tyoeasley/WAPIAW3/brainrep_data/ICA_data/dual_regression/example/ica100/groupICA100.dr/dr_stage2_subject00003_ic
Image Exception : #63 :: No image files match: /scratch/tyoeasley/WAPIAW3/brainrep_data/ICA_data/dual_regression/example/ica100/groupICA100.dr/mask
Image Exception : #22 :: Failed to read volume /scratch/tyoeasley/WAPIAW3/brainrep_data/ICA_data/dual_regression/example/ica100/groupICA100.dr/mask
Error : No image files match: /scratch/tyoeasley/WAPIAW3/brainrep_data/ICA_data/dual_regression/example/ica100/groupICA100.dr/mask
Failed to read volume /scratch/tyoeasley/WAPIAW3/brainrep_data/ICA_data/dual_regression/example/ica100/groupICA100.dr/mask
Error : No image files match: /scratch/tyoeasley/WAPIAW3/brainrep_data/ICA_data/dual_regression/example/ica100/groupICA100.dr/mask
Image Exception : #63 :: No image files match: /scratch/tyoeasley/WAPIAW3/brainrep_data/ICA_data/dual_regression/example/ica100/groupICA100.dr/dr_stage2_subject00007
terminate called after throwing an instance of 'std::runtime_error'
  what():  No image files match: /scratch/tyoeasley/WAPIAW3/brainrep_data/ICA_data/dual_regression/example/ica100/groupICA100.dr/dr_stage2_subject00007
/var/spool/slurm/d/job873685/slurm_script: line 15: 1663222 Aborted                 (core dumped) /export/fsl/fsl-6.0.5/bin/fslsplit /scratch/tyoeasley/WAPIAW3/brainrep_data/ICA_data/dual_regression/example/ica100/groupICA100.dr/dr_stage2_subject00007 /scratch/tyoeasley/WAPIAW3/brainrep_data/ICA_data/dual_regression/example/ica100/groupICA100.dr/dr_stage2_subject00007_ic
Image Exception : #63 :: No image files match: /scratch/tyoeasley/WAPIAW3/brainrep_data/ICA_data/dual_regression/example/ica100/groupICA100.dr/mask
Image Exception : #22 :: Failed to read volume /scratch/tyoeasley/WAPIAW3/brainrep_data/ICA_data/dual_regression/example/ica100/groupICA100.dr/mask
Error : No image files match: /scratch/tyoeasley/WAPIAW3/brainrep_data/ICA_data/dual_regression/example/ica100/groupICA100.dr/mask
Failed to read volume /scratch/tyoeasley/WAPIAW3/brainrep_data/ICA_data/dual_regression/example/ica100/groupICA100.dr/mask
Error : No image files match: /scratch/tyoeasley/WAPIAW3/brainrep_data/ICA_data/dual_regression/example/ica100/groupICA100.dr/mask
Image Exception : #63 :: No image files match: /scratch/tyoeasley/WAPIAW3/brainrep_data/ICA_data/dual_regression/example/ica100/groupICA100.dr/dr_stage2_subject00000
terminate called after throwing an instance of 'std::runtime_error'
  what():  No image files match: /scratch/tyoeasley/WAPIAW3/brainrep_data/ICA_data/dual_regression/example/ica100/groupICA100.dr/dr_stage2_subject00000
/var/spool/slurm/d/job873678/slurm_script: line 15: 1663282 Aborted                 (core dumped) /export/fsl/fsl-6.0.5/bin/fslsplit /scratch/tyoeasley/WAPIAW3/brainrep_data/ICA_data/dual_regression/example/ica100/groupICA100.dr/dr_stage2_subject00000 /scratch/tyoeasley/WAPIAW3/brainrep_data/ICA_data/dual_regression/example/ica100/groupICA100.dr/dr_stage2_subject00000_ic
